{"uuid":"dee14ac0-f2b5-4383-9be5-bfb0c5089a8b","historyId":"9c16e694b255aa4239f9bb0a495f82b6","testCaseId":"2afdbe6807566c2f49152fd5a5ad0bd1","fullName":"src/test/resources/features/WEB/catalog/Catalog.feature:53","labels":[{"name":"tag","value":"WEB"},{"name":"tag","value":"Chrome"},{"name":"host","value":"A-5CG138CF8R"},{"name":"thread","value":"7108@A-5CG138CF8R.main(1)"},{"name":"feature","value":"Catalog"},{"name":"story","value":"[CHROME - 96 - 1024x768] - Edit Catalog"},{"name":"suite","value":"Catalog"},{"name":"testClass","value":"[CHROME - 96 - 1024x768] - Edit Catalog"},{"name":"framework","value":"cucumber4jvm"},{"name":"language","value":"java"},{"name":"gherkin_uri","value":"file:///C:/REPOS/github/tech-session-may25/src/test/resources/features/WEB/catalog/Catalog.feature"},{"name":"package","value":"src.test.resources.features.WEB.catalog.Catalog_feature.Catalog"}],"links":[],"name":"[CHROME - 96 - 1024x768] - Edit Catalog","status":"broken","statusDetails":{"known":false,"muted":false,"flaky":false,"message":"stale element reference: element is not attached to the page document\n  (Session info: chrome=96.0.4664.110)\nFor documentation on this error, please visit: https://www.selenium.dev/documentation/webdriver/troubleshooting/errors#stale-element-reference-exception\nBuild info: version: '4.28.1', revision: '73f5ad48a2'\nSystem info: os.name: 'Windows 11', os.arch: 'amd64', os.version: '10.0', java.version: '17.0.12'\nDriver info: org.openqa.selenium.remote.RemoteWebDriver\nCommand: [68e184affbdd85ae915bad4798afc2df, isElementDisplayed {id=96938704-7ef2-4524-bb49-030dc4c0724a}]\nCapabilities {acceptInsecureCerts: true, browserName: chrome, browserVersion: 96.0.4664.110, chrome: {chromedriverVersion: 96.0.4664.45 (76e4c1bb2ab46..., userDataDir: /tmp/.com.google.Chrome.RfArLn}, goog:chromeOptions: {debuggerAddress: localhost:38673}, networkConnectionEnabled: false, pageLoadStrategy: normal, platformName: linux, proxy: Proxy(), se:bidiEnabled: false, se:cdp: ws://172.20.0.3:4444/sessio..., se:cdpVersion: 96.0.4664.110, se:containerName: 52538b9914dd, se:forwardCdp: ws://172.20.0.10:4444/sessi..., se:name: [CHROME - 96 - 1024x768] - ..., se:noVncPort: 7900, se:recordVideo: true, se:sessionName: LoginTest_TC001, se:vnc: ws://172.20.0.3:4444/sessio..., se:vncEnabled: true, se:vncLocalAddress: ws://172.20.0.10:7900, setWindowRect: true, strictFileInteractability: false, timeouts: {implicit: 0, pageLoad: 300000, script: 30000}, unhandledPromptBehavior: ignore, webauthn:extension:credBlob: true, webauthn:extension:largeBlob: true, webauthn:virtualAuthenticators: true}\nElement: [[RemoteWebDriver: chrome on linux (68e184affbdd85ae915bad4798afc2df)] -> xpath: //*[@data-testid='stBaseButton-primary']]\nSession ID: 68e184affbdd85ae915bad4798afc2df","trace":"org.openqa.selenium.StaleElementReferenceException: stale element reference: element is not attached to the page document\n  (Session info: chrome=96.0.4664.110)\nFor documentation on this error, please visit: https://www.selenium.dev/documentation/webdriver/troubleshooting/errors#stale-element-reference-exception\nBuild info: version: '4.28.1', revision: '73f5ad48a2'\nSystem info: os.name: 'Windows 11', os.arch: 'amd64', os.version: '10.0', java.version: '17.0.12'\nDriver info: org.openqa.selenium.remote.RemoteWebDriver\nCommand: [68e184affbdd85ae915bad4798afc2df, isElementDisplayed {id=96938704-7ef2-4524-bb49-030dc4c0724a}]\nCapabilities {acceptInsecureCerts: true, browserName: chrome, browserVersion: 96.0.4664.110, chrome: {chromedriverVersion: 96.0.4664.45 (76e4c1bb2ab46..., userDataDir: /tmp/.com.google.Chrome.RfArLn}, goog:chromeOptions: {debuggerAddress: localhost:38673}, networkConnectionEnabled: false, pageLoadStrategy: normal, platformName: linux, proxy: Proxy(), se:bidiEnabled: false, se:cdp: ws://172.20.0.3:4444/sessio..., se:cdpVersion: 96.0.4664.110, se:containerName: 52538b9914dd, se:forwardCdp: ws://172.20.0.10:4444/sessi..., se:name: [CHROME - 96 - 1024x768] - ..., se:noVncPort: 7900, se:recordVideo: true, se:sessionName: LoginTest_TC001, se:vnc: ws://172.20.0.3:4444/sessio..., se:vncEnabled: true, se:vncLocalAddress: ws://172.20.0.10:7900, setWindowRect: true, strictFileInteractability: false, timeouts: {implicit: 0, pageLoad: 300000, script: 30000}, unhandledPromptBehavior: ignore, webauthn:extension:credBlob: true, webauthn:extension:largeBlob: true, webauthn:virtualAuthenticators: true}\nElement: [[RemoteWebDriver: chrome on linux (68e184affbdd85ae915bad4798afc2df)] -> xpath: //*[@data-testid='stBaseButton-primary']]\nSession ID: 68e184affbdd85ae915bad4798afc2df\r\n\tat java.base/jdk.internal.reflect.NativeConstructorAccessorImpl.newInstance0(Native Method)\r\n\tat java.base/jdk.internal.reflect.NativeConstructorAccessorImpl.newInstance(NativeConstructorAccessorImpl.java:77)\r\n\tat java.base/jdk.internal.reflect.DelegatingConstructorAccessorImpl.newInstance(DelegatingConstructorAccessorImpl.java:45)\r\n\tat java.base/java.lang.reflect.Constructor.newInstanceWithCaller(Constructor.java:499)\r\n\tat java.base/java.lang.reflect.Constructor.newInstance(Constructor.java:480)\r\n\tat org.openqa.selenium.remote.ErrorCodec.decode(ErrorCodec.java:167)\r\n\tat org.openqa.selenium.remote.codec.w3c.W3CHttpResponseCodec.decode(W3CHttpResponseCodec.java:138)\r\n\tat org.openqa.selenium.remote.codec.w3c.W3CHttpResponseCodec.decode(W3CHttpResponseCodec.java:50)\r\n\tat org.openqa.selenium.remote.HttpCommandExecutor.execute(HttpCommandExecutor.java:215)\r\n\tat org.openqa.selenium.remote.TracedCommandExecutor.execute(TracedCommandExecutor.java:53)\r\n\tat org.openqa.selenium.remote.RemoteWebDriver.execute(RemoteWebDriver.java:545)\r\n\tat org.openqa.selenium.remote.RemoteWebElement.execute(RemoteWebElement.java:223)\r\n\tat org.openqa.selenium.remote.RemoteWebElement.isDisplayed(RemoteWebElement.java:282)\r\n\tat jdk.internal.reflect.GeneratedMethodAccessor192.invoke(Unknown Source)\r\n\tat java.base/jdk.internal.reflect.DelegatingMethodAccessorImpl.invoke(DelegatingMethodAccessorImpl.java:43)\r\n\tat java.base/java.lang.reflect.Method.invoke(Method.java:568)\r\n\tat org.openqa.selenium.support.pagefactory.internal.LocatingElementHandler.invoke(LocatingElementHandler.java:51)\r\n\tat jdk.proxy2/jdk.proxy2.$Proxy33.isDisplayed(Unknown Source)\r\n\tat org.openqa.selenium.support.ui.ExpectedConditions.elementIfVisible(ExpectedConditions.java:304)\r\n\tat org.openqa.selenium.support.ui.ExpectedConditions$10.apply(ExpectedConditions.java:290)\r\n\tat org.openqa.selenium.support.ui.ExpectedConditions$10.apply(ExpectedConditions.java:287)\r\n\tat org.openqa.selenium.support.ui.ExpectedConditions$23.apply(ExpectedConditions.java:656)\r\n\tat org.openqa.selenium.support.ui.ExpectedConditions$23.apply(ExpectedConditions.java:652)\r\n\tat org.openqa.selenium.support.ui.FluentWait.until(FluentWait.java:203)\r\n\tat PageObjectModel.PageBase.clickElement(PageBase.java:37)\r\n\tat PageObjectModel.LoginPage.clickSubmit(LoginPage.java:32)\r\n\tat StepDefinitions.WEB.LoginSteps.theUserClicksOnSubmitButton(LoginSteps.java:29)\r\n\tat ✽.the user clicks on Submit button(file:///C:/REPOS/github/tech-session-may25/src/test/resources/features/WEB/catalog/Catalog.feature:43)\r\n"},"stage":"finished","steps":[{"name":"Given the language is set to 'es' in database","status":"passed","statusDetails":{"known":false,"muted":false,"flaky":false},"stage":"finished","steps":[],"attachments":[],"parameters":[],"start":1748253060845,"stop":1748253060868},{"name":"Given the following catalogs are inserted in database","status":"passed","statusDetails":{"known":false,"muted":false,"flaky":false},"stage":"finished","steps":[],"attachments":[{"name":"Data table","source":"c0d73933-7389-43f7-a55b-044cb92763ce-attachment.csv","type":"text/tab-separated-values"}],"parameters":[],"start":1748253060868,"stop":1748253060874},{"name":"Given the user sets username \"admin\"","status":"passed","statusDetails":{"known":false,"muted":false,"flaky":false},"stage":"finished","steps":[],"attachments":[],"parameters":[],"start":1748253060874,"stop":1748253061878},{"name":"And the user sets password 'admin'","status":"passed","statusDetails":{"known":false,"muted":false,"flaky":false},"stage":"finished","steps":[],"attachments":[],"parameters":[],"start":1748253061878,"stop":1748253062192},{"name":"When the user clicks on Submit button","status":"broken","statusDetails":{"known":false,"muted":false,"flaky":false,"message":"stale element reference: element is not attached to the page document\n  (Session info: chrome=96.0.4664.110)\nFor documentation on this error, please visit: https://www.selenium.dev/documentation/webdriver/troubleshooting/errors#stale-element-reference-exception\nBuild info: version: '4.28.1', revision: '73f5ad48a2'\nSystem info: os.name: 'Windows 11', os.arch: 'amd64', os.version: '10.0', java.version: '17.0.12'\nDriver info: org.openqa.selenium.remote.RemoteWebDriver\nCommand: [68e184affbdd85ae915bad4798afc2df, isElementDisplayed {id=96938704-7ef2-4524-bb49-030dc4c0724a}]\nCapabilities {acceptInsecureCerts: true, browserName: chrome, browserVersion: 96.0.4664.110, chrome: {chromedriverVersion: 96.0.4664.45 (76e4c1bb2ab46..., userDataDir: /tmp/.com.google.Chrome.RfArLn}, goog:chromeOptions: {debuggerAddress: localhost:38673}, networkConnectionEnabled: false, pageLoadStrategy: normal, platformName: linux, proxy: Proxy(), se:bidiEnabled: false, se:cdp: ws://172.20.0.3:4444/sessio..., se:cdpVersion: 96.0.4664.110, se:containerName: 52538b9914dd, se:forwardCdp: ws://172.20.0.10:4444/sessi..., se:name: [CHROME - 96 - 1024x768] - ..., se:noVncPort: 7900, se:recordVideo: true, se:sessionName: LoginTest_TC001, se:vnc: ws://172.20.0.3:4444/sessio..., se:vncEnabled: true, se:vncLocalAddress: ws://172.20.0.10:7900, setWindowRect: true, strictFileInteractability: false, timeouts: {implicit: 0, pageLoad: 300000, script: 30000}, unhandledPromptBehavior: ignore, webauthn:extension:credBlob: true, webauthn:extension:largeBlob: true, webauthn:virtualAuthenticators: true}\nElement: [[RemoteWebDriver: chrome on linux (68e184affbdd85ae915bad4798afc2df)] -> xpath: //*[@data-testid='stBaseButton-primary']]\nSession ID: 68e184affbdd85ae915bad4798afc2df","trace":"org.openqa.selenium.StaleElementReferenceException: stale element reference: element is not attached to the page document\n  (Session info: chrome=96.0.4664.110)\nFor documentation on this error, please visit: https://www.selenium.dev/documentation/webdriver/troubleshooting/errors#stale-element-reference-exception\nBuild info: version: '4.28.1', revision: '73f5ad48a2'\nSystem info: os.name: 'Windows 11', os.arch: 'amd64', os.version: '10.0', java.version: '17.0.12'\nDriver info: org.openqa.selenium.remote.RemoteWebDriver\nCommand: [68e184affbdd85ae915bad4798afc2df, isElementDisplayed {id=96938704-7ef2-4524-bb49-030dc4c0724a}]\nCapabilities {acceptInsecureCerts: true, browserName: chrome, browserVersion: 96.0.4664.110, chrome: {chromedriverVersion: 96.0.4664.45 (76e4c1bb2ab46..., userDataDir: /tmp/.com.google.Chrome.RfArLn}, goog:chromeOptions: {debuggerAddress: localhost:38673}, networkConnectionEnabled: false, pageLoadStrategy: normal, platformName: linux, proxy: Proxy(), se:bidiEnabled: false, se:cdp: ws://172.20.0.3:4444/sessio..., se:cdpVersion: 96.0.4664.110, se:containerName: 52538b9914dd, se:forwardCdp: ws://172.20.0.10:4444/sessi..., se:name: [CHROME - 96 - 1024x768] - ..., se:noVncPort: 7900, se:recordVideo: true, se:sessionName: LoginTest_TC001, se:vnc: ws://172.20.0.3:4444/sessio..., se:vncEnabled: true, se:vncLocalAddress: ws://172.20.0.10:7900, setWindowRect: true, strictFileInteractability: false, timeouts: {implicit: 0, pageLoad: 300000, script: 30000}, unhandledPromptBehavior: ignore, webauthn:extension:credBlob: true, webauthn:extension:largeBlob: true, webauthn:virtualAuthenticators: true}\nElement: [[RemoteWebDriver: chrome on linux (68e184affbdd85ae915bad4798afc2df)] -> xpath: //*[@data-testid='stBaseButton-primary']]\nSession ID: 68e184affbdd85ae915bad4798afc2df\r\n\tat java.base/jdk.internal.reflect.NativeConstructorAccessorImpl.newInstance0(Native Method)\r\n\tat java.base/jdk.internal.reflect.NativeConstructorAccessorImpl.newInstance(NativeConstructorAccessorImpl.java:77)\r\n\tat java.base/jdk.internal.reflect.DelegatingConstructorAccessorImpl.newInstance(DelegatingConstructorAccessorImpl.java:45)\r\n\tat java.base/java.lang.reflect.Constructor.newInstanceWithCaller(Constructor.java:499)\r\n\tat java.base/java.lang.reflect.Constructor.newInstance(Constructor.java:480)\r\n\tat org.openqa.selenium.remote.ErrorCodec.decode(ErrorCodec.java:167)\r\n\tat org.openqa.selenium.remote.codec.w3c.W3CHttpResponseCodec.decode(W3CHttpResponseCodec.java:138)\r\n\tat org.openqa.selenium.remote.codec.w3c.W3CHttpResponseCodec.decode(W3CHttpResponseCodec.java:50)\r\n\tat org.openqa.selenium.remote.HttpCommandExecutor.execute(HttpCommandExecutor.java:215)\r\n\tat org.openqa.selenium.remote.TracedCommandExecutor.execute(TracedCommandExecutor.java:53)\r\n\tat org.openqa.selenium.remote.RemoteWebDriver.execute(RemoteWebDriver.java:545)\r\n\tat org.openqa.selenium.remote.RemoteWebElement.execute(RemoteWebElement.java:223)\r\n\tat org.openqa.selenium.remote.RemoteWebElement.isDisplayed(RemoteWebElement.java:282)\r\n\tat jdk.internal.reflect.GeneratedMethodAccessor192.invoke(Unknown Source)\r\n\tat java.base/jdk.internal.reflect.DelegatingMethodAccessorImpl.invoke(DelegatingMethodAccessorImpl.java:43)\r\n\tat java.base/java.lang.reflect.Method.invoke(Method.java:568)\r\n\tat org.openqa.selenium.support.pagefactory.internal.LocatingElementHandler.invoke(LocatingElementHandler.java:51)\r\n\tat jdk.proxy2/jdk.proxy2.$Proxy33.isDisplayed(Unknown Source)\r\n\tat org.openqa.selenium.support.ui.ExpectedConditions.elementIfVisible(ExpectedConditions.java:304)\r\n\tat org.openqa.selenium.support.ui.ExpectedConditions$10.apply(ExpectedConditions.java:290)\r\n\tat org.openqa.selenium.support.ui.ExpectedConditions$10.apply(ExpectedConditions.java:287)\r\n\tat org.openqa.selenium.support.ui.ExpectedConditions$23.apply(ExpectedConditions.java:656)\r\n\tat org.openqa.selenium.support.ui.ExpectedConditions$23.apply(ExpectedConditions.java:652)\r\n\tat org.openqa.selenium.support.ui.FluentWait.until(FluentWait.java:203)\r\n\tat PageObjectModel.PageBase.clickElement(PageBase.java:37)\r\n\tat PageObjectModel.LoginPage.clickSubmit(LoginPage.java:32)\r\n\tat StepDefinitions.WEB.LoginSteps.theUserClicksOnSubmitButton(LoginSteps.java:29)\r\n\tat ✽.the user clicks on Submit button(file:///C:/REPOS/github/tech-session-may25/src/test/resources/features/WEB/catalog/Catalog.feature:43)\r\n"},"stage":"finished","steps":[],"attachments":[],"parameters":[],"start":1748253062192,"stop":1748253062295},{"name":"Then the user is at Homepage","status":"skipped","statusDetails":{"known":false,"muted":false,"flaky":false},"stage":"finished","steps":[],"attachments":[],"parameters":[],"start":1748253062297,"stop":1748253062297},{"name":"When the user sets selects 'TRANSLATIONS.MENU_CATALOG_BUTTON' menu option","status":"skipped","statusDetails":{"known":false,"muted":false,"flaky":false},"stage":"finished","steps":[],"attachments":[],"parameters":[],"start":1748253062297,"stop":1748253062298},{"name":"Then the user is at Catalog","status":"skipped","statusDetails":{"known":false,"muted":false,"flaky":false},"stage":"finished","steps":[],"attachments":[],"parameters":[],"start":1748253062298,"stop":1748253062298}],"attachments":[],"parameters":[{"name":"Browser","value":"CHROME"},{"name":"Resolution","value":"1024x768"},{"name":"Version","value":"96"},{"name":"Language","value":"es"}],"start":1748253051043,"stop":1748253071140}